*** Starting uWSGI 2.0.21 (64bit) on [Tue Nov 29 01:46:07 2022] ***
compiled with version: 9.4.0 on 29 November 2022 01:05:42
os: Linux-5.4.0-122-generic #138-Ubuntu SMP Wed Jun 22 15:00:31 UTC 2022
nodename: ubuntu-s-1vcpu-512mb-10gb-sgp1-01
machine: x86_64
clock source: unix
detected number of CPU cores: 1
current working directory: /src/tree_hust/backend/tree_hust
detected binary path: /usr/local/bin/uwsgi
!!! no internal routing support, rebuild with pcre support !!!
uWSGI running as root, you can use --uid/--gid/--chroot options
*** WARNING: you are running uWSGI as root !!! (use the --uid flag) *** 
chdir() to /src/tree_hust/backend # 项目路径
chdir(): No such file or directory [core/uwsgi.c line 2625]
*** Starting uWSGI 2.0.21 (64bit) on [Tue Nov 29 01:46:55 2022] ***
compiled with version: 9.4.0 on 29 November 2022 01:05:42
os: Linux-5.4.0-122-generic #138-Ubuntu SMP Wed Jun 22 15:00:31 UTC 2022
nodename: ubuntu-s-1vcpu-512mb-10gb-sgp1-01
machine: x86_64
clock source: unix
detected number of CPU cores: 1
current working directory: /src/tree_hust/backend/tree_hust
detected binary path: /usr/local/bin/uwsgi
!!! no internal routing support, rebuild with pcre support !!!
uWSGI running as root, you can use --uid/--gid/--chroot options
*** WARNING: you are running uWSGI as root !!! (use the --uid flag) *** 
chdir() to /src/tree_hust/backend
your processes number limit is 1759
your memory page size is 4096 bytes
detected max file descriptor number: 1048576
lock engine: pthread robust mutexes
thunder lock: disabled (you can enable it with --thunder-lock)
uWSGI http bound on 127.0.0.1:8000 fd 3
probably another instance of uWSGI is running on the same address (127.0.0.1:8000).
bind(): Address already in use [core/socket.c line 769]
*** Starting uWSGI 2.0.21 (64bit) on [Tue Nov 29 01:47:23 2022] ***
compiled with version: 9.4.0 on 29 November 2022 01:05:42
os: Linux-5.4.0-122-generic #138-Ubuntu SMP Wed Jun 22 15:00:31 UTC 2022
nodename: ubuntu-s-1vcpu-512mb-10gb-sgp1-01
machine: x86_64
clock source: unix
detected number of CPU cores: 1
current working directory: /src/tree_hust/backend/tree_hust
detected binary path: /usr/local/bin/uwsgi
!!! no internal routing support, rebuild with pcre support !!!
uWSGI running as root, you can use --uid/--gid/--chroot options
*** WARNING: you are running uWSGI as root !!! (use the --uid flag) *** 
chdir() to /src/tree_hust/backend
your processes number limit is 1759
your memory page size is 4096 bytes
detected max file descriptor number: 1048576
lock engine: pthread robust mutexes
thunder lock: disabled (you can enable it with --thunder-lock)
uwsgi socket 0 bound to TCP address 127.0.0.1:8000 fd 3
uWSGI running as root, you can use --uid/--gid/--chroot options
*** WARNING: you are running uWSGI as root !!! (use the --uid flag) *** 
Python version: 3.8.10 (default, Jun 22 2022, 20:18:18)  [GCC 9.4.0]
Python main interpreter initialized at 0x56408ca696c0
uWSGI running as root, you can use --uid/--gid/--chroot options
*** WARNING: you are running uWSGI as root !!! (use the --uid flag) *** 
python threads support enabled
your server socket listen backlog is limited to 100 connections
your mercy for graceful operations on workers is 60 seconds
mapped 312672 bytes (305 KB) for 8 cores
*** Operational MODE: preforking+threaded ***
WSGI app 0 (mountpoint='') ready in 1 seconds on interpreter 0x56408ca696c0 pid: 40000 (default app)
uWSGI running as root, you can use --uid/--gid/--chroot options
*** WARNING: you are running uWSGI as root !!! (use the --uid flag) *** 
*** uWSGI is running in multiple interpreter mode ***
spawned uWSGI master process (pid: 40000)
spawned uWSGI worker 1 (pid: 40012, cores: 4)
spawned uWSGI worker 2 (pid: 40013, cores: 4)
*** Starting uWSGI 2.0.21 (64bit) on [Tue Nov 29 01:50:41 2022] ***
compiled with version: 9.4.0 on 29 November 2022 01:05:42
os: Linux-5.4.0-122-generic #138-Ubuntu SMP Wed Jun 22 15:00:31 UTC 2022
nodename: ubuntu-s-1vcpu-512mb-10gb-sgp1-01
machine: x86_64
clock source: unix
detected number of CPU cores: 1
current working directory: /src/tree_hust/backend/tree_hust
detected binary path: /usr/local/bin/uwsgi
!!! no internal routing support, rebuild with pcre support !!!
uWSGI running as root, you can use --uid/--gid/--chroot options
*** WARNING: you are running uWSGI as root !!! (use the --uid flag) *** 
chdir() to /src/tree_hust/backend
your processes number limit is 1759
your memory page size is 4096 bytes
detected max file descriptor number: 1048576
lock engine: pthread robust mutexes
thunder lock: disabled (you can enable it with --thunder-lock)
probably another instance of uWSGI is running on the same address (127.0.0.1:8000).
bind(): Address already in use [core/socket.c line 769]
